ISim log file
Running: C:\cygwin64\home\A-l-r\co\src\project-ng\pipelined3_p8_at_ng2_tb_isim_par.exe -intstyle ise -gui -tclbatch isim.cmd -wdb C:/cygwin64/home/A-l-r/co/src/project-ng/pipelined3_p8_at_ng2_tb_isim_par.wdb 
ISim P.20131013 (signature 0x7708f090)
This is a Full version of ISim.
Time resolution is 1 ps
# onerror resume
# wave add /
# run 1000 ns
Simulator is doing circuit initialization process.
INFO: SDF backannotation was successful with SDF file netgen/par/mips_timesim.sdf, for root module /pipelined3_p8_at_ng2_tb/uut/.
Finished circuit initialization process.
# restart
# run 20000ns
Simulator is doing circuit initialization process.
INFO: SDF backannotation was successful with SDF file netgen/par/mips_timesim.sdf, for root module /pipelined3_p8_at_ng2_tb/uut/.
Finished circuit initialization process.
# restart
# run 20000ns
Simulator is doing circuit initialization process.
INFO: SDF backannotation was successful with SDF file netgen/par/mips_timesim.sdf, for root module /pipelined3_p8_at_ng2_tb/uut/.
Finished circuit initialization process.
