\BOOKMARK [1][-]{section.1}{\376\377\000N\000P\000C}{}% 1
\BOOKMARK [2][-]{subsection.1.1}{\376\377\123\237\164\006}{section.1}% 2
\BOOKMARK [2][-]{subsection.1.2}{\376\377\143\245\123\343\133\232\116\111}{section.1}% 3
\BOOKMARK [2][-]{subsection.1.3}{\376\377\133\217\133\232\116\111}{section.1}% 4
\BOOKMARK [2][-]{subsection.1.4}{\376\377\122\237\200\375}{section.1}% 5
\BOOKMARK [2][-]{subsection.1.5}{\376\377\154\350\141\017\116\213\230\171}{section.1}% 6
\BOOKMARK [1][-]{section.2}{\376\377\000P\000C}{}% 7
\BOOKMARK [2][-]{subsection.2.1}{\376\377\123\237\164\006}{section.2}% 8
\BOOKMARK [2][-]{subsection.2.2}{\376\377\172\357\123\343\133\232\116\111}{section.2}% 9
\BOOKMARK [2][-]{subsection.2.3}{\376\377\133\217\133\232\116\111}{section.2}% 10
\BOOKMARK [2][-]{subsection.2.4}{\376\377\122\237\200\375}{section.2}% 11
\BOOKMARK [2][-]{subsection.2.5}{\376\377\154\350\141\017\116\213\230\171}{section.2}% 12
\BOOKMARK [1][-]{section.3}{\376\377\172\013\136\217\133\130\120\250\126\150}{}% 13
\BOOKMARK [2][-]{subsection.3.1}{\376\377\123\237\164\006}{section.3}% 14
\BOOKMARK [2][-]{subsection.3.2}{\376\377\172\357\123\343\133\232\116\111}{section.3}% 15
\BOOKMARK [2][-]{subsection.3.3}{\376\377\133\217\133\232\116\111}{section.3}% 16
\BOOKMARK [2][-]{subsection.3.4}{\376\377\122\237\200\375}{section.3}% 17
\BOOKMARK [2][-]{subsection.3.5}{\376\377\154\350\141\017\116\213\230\171}{section.3}% 18
\BOOKMARK [1][-]{section.4}{\376\377\133\304\133\130\126\150\130\006}{}% 19
\BOOKMARK [2][-]{subsection.4.1}{\376\377\123\237\164\006}{section.4}% 20
\BOOKMARK [2][-]{subsection.4.2}{\376\377\172\357\123\343\133\232\116\111}{section.4}% 21
\BOOKMARK [2][-]{subsection.4.3}{\376\377\133\217\133\232\116\111}{section.4}% 22
\BOOKMARK [2][-]{subsection.4.4}{\376\377\122\237\200\375}{section.4}% 23
\BOOKMARK [2][-]{subsection.4.5}{\376\377\154\350\141\017\116\213\230\171}{section.4}% 24
\BOOKMARK [1][-]{section.5}{\376\377\153\324\217\203\152\041\127\127}{}% 25
\BOOKMARK [2][-]{subsection.5.1}{\376\377\123\237\164\006}{section.5}% 26
\BOOKMARK [2][-]{subsection.5.2}{\376\377\143\245\123\343\133\232\116\111}{section.5}% 27
\BOOKMARK [2][-]{subsection.5.3}{\376\377\133\217\133\232\116\111}{section.5}% 28
\BOOKMARK [2][-]{subsection.5.4}{\376\377\122\237\200\375}{section.5}% 29
\BOOKMARK [1][-]{section.6}{\376\377\142\151\134\125\126\150}{}% 30
\BOOKMARK [2][-]{subsection.6.1}{\376\377\122\237\200\375}{section.6}% 31
\BOOKMARK [2][-]{subsection.6.2}{\376\377\143\245\123\343\133\232\116\111}{section.6}% 32
\BOOKMARK [2][-]{subsection.6.3}{\376\377\133\217\133\232\116\111}{section.6}% 33
\BOOKMARK [2][-]{subsection.6.4}{\376\377\122\237\200\375}{section.6}% 34
\BOOKMARK [1][-]{section.7}{\376\377\000A\000L\000U}{}% 35
\BOOKMARK [2][-]{subsection.7.1}{\376\377\123\237\164\006}{section.7}% 36
\BOOKMARK [2][-]{subsection.7.2}{\376\377\172\357\123\343\133\232\116\111}{section.7}% 37
\BOOKMARK [2][-]{subsection.7.3}{\376\377\133\217\133\232\116\111}{section.7}% 38
\BOOKMARK [2][-]{subsection.7.4}{\376\377\122\237\200\375}{section.7}% 39
\BOOKMARK [2][-]{subsection.7.5}{\376\377\154\350\141\017\116\213\230\171}{section.7}% 40
\BOOKMARK [1][-]{section.8}{\376\377\116\130\226\144\154\325\126\150}{}% 41
\BOOKMARK [2][-]{subsection.8.1}{\376\377\123\237\164\006}{section.8}% 42
\BOOKMARK [2][-]{subsection.8.2}{\376\377\172\357\123\343\133\232\116\111}{section.8}% 43
\BOOKMARK [2][-]{subsection.8.3}{\376\377\133\217\133\232\116\111}{section.8}% 44
\BOOKMARK [2][-]{subsection.8.4}{\376\377\122\237\200\375}{section.8}% 45
\BOOKMARK [2][-]{subsection.8.5}{\376\377\154\350\141\017\116\213\230\171}{section.8}% 46
\BOOKMARK [1][-]{section.9}{\376\377\145\160\143\156\133\130\120\250\126\150}{}% 47
\BOOKMARK [2][-]{subsection.9.1}{\376\377\123\237\164\006}{section.9}% 48
\BOOKMARK [2][-]{subsection.9.2}{\376\377\172\357\123\343\133\232\116\111}{section.9}% 49
\BOOKMARK [2][-]{subsection.9.3}{\376\377\133\217\133\232\116\111}{section.9}% 50
\BOOKMARK [2][-]{subsection.9.4}{\376\377\122\237\200\375}{section.9}% 51
\BOOKMARK [2][-]{subsection.9.5}{\376\377\154\350\141\017\116\213\230\171}{section.9}% 52
\BOOKMARK [1][-]{section.10}{\376\377\213\276\131\007\150\145}{}% 53
\BOOKMARK [2][-]{subsection.10.1}{\376\377\123\237\164\006}{section.10}% 54
\BOOKMARK [2][-]{subsection.10.2}{\376\377\172\357\123\343\133\232\116\111}{section.10}% 55
\BOOKMARK [2][-]{subsection.10.3}{\376\377\133\217\133\232\116\111}{section.10}% 56
\BOOKMARK [2][-]{subsection.10.4}{\376\377\122\237\200\375}{section.10}% 57
\BOOKMARK [2][-]{subsection.10.5}{\376\377\154\350\141\017\116\213\230\171}{section.10}% 58
\BOOKMARK [1][-]{section.11}{\376\377\000C\000P\0000}{}% 59
\BOOKMARK [2][-]{subsection.11.1}{\376\377\123\237\164\006}{section.11}% 60
\BOOKMARK [2][-]{subsection.11.2}{\376\377\172\357\123\343\133\232\116\111}{section.11}% 61
\BOOKMARK [2][-]{subsection.11.3}{\376\377\133\217\133\232\116\111}{section.11}% 62
\BOOKMARK [2][-]{subsection.11.4}{\376\377\122\237\200\375}{section.11}% 63
\BOOKMARK [2][-]{subsection.11.5}{\376\377\154\350\141\017\116\213\230\171}{section.11}% 64
\BOOKMARK [1][-]{section.12}{\376\377\155\101\154\064\176\277\133\304\133\130\126\150}{}% 65
\BOOKMARK [2][-]{subsection.12.1}{\376\377\123\237\164\006}{section.12}% 66
\BOOKMARK [2][-]{subsection.12.2}{\376\377\172\357\123\343\133\232\116\111}{section.12}% 67
\BOOKMARK [2][-]{subsection.12.3}{\376\377\123\302\145\160\133\232\116\111}{section.12}% 68
\BOOKMARK [2][-]{subsection.12.4}{\376\377\133\217\133\232\116\111}{section.12}% 69
\BOOKMARK [2][-]{subsection.12.5}{\376\377\122\237\200\375}{section.12}% 70
\BOOKMARK [2][-]{subsection.12.6}{\376\377\154\350\141\017\116\213\230\171}{section.12}% 71
\BOOKMARK [1][-]{section.13}{\376\377\000M\000U\000X}{}% 72
\BOOKMARK [2][-]{subsection.13.1}{\376\377\122\237\200\375}{section.13}% 73
\BOOKMARK [2][-]{subsection.13.2}{\376\377\174\173\122\053}{section.13}% 74
\BOOKMARK [2][-]{subsection.13.3}{\376\377\124\175\124\015}{section.13}% 75
\BOOKMARK [2][-]{subsection.13.4}{\376\377\133\217\133\232\116\111}{section.13}% 76
\BOOKMARK [2][-]{subsection.13.5}{\376\377\123\302\145\160\133\232\116\111}{section.13}% 77
\BOOKMARK [2][-]{subsection.13.6}{\376\377\172\357\123\343\133\232\116\111}{section.13}% 78
\BOOKMARK [2][-]{subsection.13.7}{\376\377\122\237\200\375}{section.13}% 79
\BOOKMARK [2][-]{subsection.13.8}{\376\377\154\350\141\017\116\213\230\171}{section.13}% 80
\BOOKMARK [1][-]{section.14}{\376\377\155\101\154\064\176\277\000\040\000C\000P\000U\000\040\145\160\143\156\220\032\215\357}{}% 81
\BOOKMARK [2][-]{subsection.14.1}{\376\377\123\237\164\006}{section.14}% 82
\BOOKMARK [2][-]{subsection.14.2}{\376\377\122\006\147\220}{section.14}% 83
\BOOKMARK [3][-]{subsubsection.14.2.1}{\376\377\000F\000\040\176\247\377\010\000I\000F\377\011}{subsection.14.2}% 84
\BOOKMARK [3][-]{subsubsection.14.2.2}{\376\377\000D\000\040\176\247\377\010\000I\000D\377\011}{subsection.14.2}% 85
\BOOKMARK [3][-]{subsubsection.14.2.3}{\376\377\000E\000\040\176\247\377\010\000E\000X\377\011}{subsection.14.2}% 86
\BOOKMARK [3][-]{subsubsection.14.2.4}{\376\377\000M\000\040\176\247\377\010\000M\000E\000M\377\011}{subsection.14.2}% 87
\BOOKMARK [3][-]{subsubsection.14.2.5}{\376\377\000W\000\040\176\247\377\010\000W\000B\377\011}{subsection.14.2}% 88
\BOOKMARK [3][-]{subsubsection.14.2.6}{\376\377\155\101\154\064\176\277\133\304\133\130\126\150}{subsection.14.2}% 89
\BOOKMARK [3][-]{subsubsection.14.2.7}{\376\377\145\160\143\156\220\032\215\357\000\040\000M\000U\000X}{subsection.14.2}% 90
\BOOKMARK [3][-]{subsubsection.14.2.8}{\376\377\154\350\141\017\116\213\230\171}{subsection.14.2}% 91
\BOOKMARK [2][-]{subsection.14.3}{\376\377\217\154\123\321}{section.14}% 92
\BOOKMARK [3][-]{subsubsection.14.3.1}{\376\377\154\350\141\017\116\213\230\171}{subsection.14.3}% 93
\BOOKMARK [2][-]{subsection.14.4}{\376\377\146\202\120\134}{section.14}% 94
\BOOKMARK [2][-]{subsection.14.5}{\376\377\137\002\136\070\131\004\164\006}{section.14}% 95
\BOOKMARK [1][-]{section.15}{\376\377\143\007\116\344\213\306\122\053\147\072\122\066}{}% 96
\BOOKMARK [2][-]{subsection.15.1}{\376\377\123\237\164\006}{section.15}% 97
\BOOKMARK [2][-]{subsection.15.2}{\376\377\133\217\133\232\116\111}{section.15}% 98
\BOOKMARK [2][-]{subsection.15.3}{\376\377\172\357\123\343\133\232\116\111}{section.15}% 99
\BOOKMARK [2][-]{subsection.15.4}{\376\377\122\237\200\375}{section.15}% 100
\BOOKMARK [2][-]{subsection.15.5}{\376\377\133\217\133\232\116\111}{section.15}% 101
\BOOKMARK [2][-]{subsection.15.6}{\376\377\143\007\116\344\133\127\153\265}{section.15}% 102
\BOOKMARK [3][-]{subsubsection.15.6.1}{\376\377\143\007\116\344\174\173\127\213}{subsection.15.6}% 103
\BOOKMARK [2][-]{subsection.15.7}{\376\377\154\350\141\017}{section.15}% 104
\BOOKMARK [1][-]{section.16}{\376\377\143\247\122\066}{}% 105
\BOOKMARK [2][-]{subsection.16.1}{\376\377\123\237\164\006}{section.16}% 106
\BOOKMARK [2][-]{subsection.16.2}{\376\377\172\357\123\343\133\232\116\111}{section.16}% 107
\BOOKMARK [2][-]{subsection.16.3}{\376\377\140\073\117\123\176\323\147\204}{section.16}% 108
\BOOKMARK [2][-]{subsection.16.4}{\376\377\145\160\143\156\220\032\215\357\124\214\122\237\200\375\143\247\122\066\117\341\123\367}{section.16}% 109
\BOOKMARK [3][-]{subsubsection.16.4.1}{\376\377\000F\000\040\176\247}{subsection.16.4}% 110
\BOOKMARK [3][-]{subsubsection.16.4.2}{\376\377\000D\000\040\176\247\377\010\000I\000D\377\011}{subsection.16.4}% 111
\BOOKMARK [3][-]{subsubsection.16.4.3}{\376\377\000E\000\040\176\247\377\010\000E\000X\377\011}{subsection.16.4}% 112
\BOOKMARK [3][-]{subsubsection.16.4.4}{\376\377\000M\000\040\176\247\377\010\000M\000E\000M\377\011}{subsection.16.4}% 113
\BOOKMARK [3][-]{subsubsection.16.4.5}{\376\377\000W\000\040\176\247\377\010\000W\000B\377\011}{subsection.16.4}% 114
\BOOKMARK [3][-]{subsubsection.16.4.6}{\376\377\143\007\116\344\213\373\121\231\133\304\133\130\126\150\213\306\122\053}{subsection.16.4}% 115
\BOOKMARK [2][-]{subsection.16.5}{\376\377\217\154\123\321\143\247\122\066\117\341\123\367}{section.16}% 116
\BOOKMARK [3][-]{subsubsection.16.5.1}{\376\377\154\350\141\017\116\213\230\171}{subsection.16.5}% 117
\BOOKMARK [2][-]{subsection.16.6}{\376\377\146\202\120\134\143\247\122\066\117\341\123\367}{section.16}% 118
\BOOKMARK [3][-]{subsubsection.16.6.1}{\376\377\220\032\165\050\133\304\133\130\126\150\166\204\146\202\120\134\147\072\122\066}{subsection.16.6}% 119
\BOOKMARK [3][-]{subsubsection.16.6.2}{\376\377\116\130\226\144\154\325\126\150\166\204\146\202\120\134\147\072\122\066}{subsection.16.6}% 120
\BOOKMARK [3][-]{subsubsection.16.6.3}{\376\377\000e\000p\000c\000\040\166\204\146\202\120\134\147\072\122\066}{subsection.16.6}% 121
\BOOKMARK [3][-]{subsubsection.16.6.4}{\376\377\154\350\141\017\116\213\230\171}{subsection.16.6}% 122
\BOOKMARK [2][-]{subsection.16.7}{\376\377\133\304\133\130\126\150\127\060\127\100\143\247\122\066\117\341\123\367}{section.16}% 123
\BOOKMARK [2][-]{subsection.16.8}{\376\377\213\276\131\007\213\277\225\356}{section.16}% 124
\BOOKMARK [3][-]{subsubsection.16.8.1}{\376\377\213\276\131\007\213\373\121\231}{subsection.16.8}% 125
\BOOKMARK [3][-]{subsubsection.16.8.2}{\376\377\143\247\122\066\213\373\121\145\176\323\147\234}{subsection.16.8}% 126
\BOOKMARK [3][-]{subsubsection.16.8.3}{\376\377\154\350\141\017\116\213\230\171}{subsection.16.8}% 127
\BOOKMARK [2][-]{subsection.16.9}{\376\377\137\002\136\070\124\214\116\055\145\255\131\004\164\006}{section.16}% 128
\BOOKMARK [3][-]{subsubsection.16.9.1}{\376\377\137\002\136\070\000\040\000I\000D\000\040\155\101\154\064\176\277}{subsection.16.9}% 129
\BOOKMARK [3][-]{subsubsection.16.9.2}{\376\377\150\300\155\113\137\002\136\070\124\214\116\055\145\255}{subsection.16.9}% 130
\BOOKMARK [3][-]{subsubsection.16.9.3}{\376\377\137\002\136\070\142\026\116\055\145\255\123\321\165\037\145\366\000\040\000C\000P\0000\000\040\166\204\121\205\220\350\213\260\137\125\143\247\122\066\117\341\123\367}{subsection.16.9}% 131
\BOOKMARK [3][-]{subsubsection.16.9.4}{\376\377\174\276\170\156\137\002\136\070}{subsection.16.9}% 132
\BOOKMARK [3][-]{subsubsection.16.9.5}{\376\377\217\333\121\145\000\040\000I\000S\000R}{subsection.16.9}% 133
\BOOKMARK [3][-]{subsubsection.16.9.6}{\376\377\116\316\000\040\000I\000S\000R\000\040\217\324\126\336}{subsection.16.9}% 134
\BOOKMARK [3][-]{subsubsection.16.9.7}{\376\377\174\373\176\337\121\205\133\130\172\172\225\364}{subsection.16.9}% 135
\BOOKMARK [3][-]{subsubsection.16.9.8}{\376\377\154\350\141\017\116\213\230\171}{subsection.16.9}% 136
\BOOKMARK [1][-]{section.17}{\376\377\217\154\123\321\143\247\122\066\152\041\127\127}{}% 137
\BOOKMARK [2][-]{subsection.17.1}{\376\377\123\237\164\006}{section.17}% 138
\BOOKMARK [2][-]{subsection.17.2}{\376\377\172\357\123\343\133\232\116\111}{section.17}% 139
\BOOKMARK [2][-]{subsection.17.3}{\376\377\133\217\133\232\116\111}{section.17}% 140
\BOOKMARK [2][-]{subsection.17.4}{\376\377\122\237\200\375}{section.17}% 141
\BOOKMARK [1][-]{section.18}{\376\377\146\202\120\134\143\247\122\066\152\041\127\127}{}% 142
\BOOKMARK [2][-]{subsection.18.1}{\376\377\123\237\164\006}{section.18}% 143
\BOOKMARK [2][-]{subsection.18.2}{\376\377\172\357\123\343\133\232\116\111}{section.18}% 144
\BOOKMARK [2][-]{subsection.18.3}{\376\377\133\217\133\232\116\111}{section.18}% 145
\BOOKMARK [2][-]{subsection.18.4}{\376\377\122\237\200\375}{section.18}% 146
\BOOKMARK [1][-]{section.19}{\376\377\116\055\145\255\124\214\137\002\136\070\143\247\122\066\152\041\127\127}{}% 147
\BOOKMARK [2][-]{subsection.19.1}{\376\377\123\237\164\006}{section.19}% 148
\BOOKMARK [2][-]{subsection.19.2}{\376\377\172\357\123\343\133\232\116\111}{section.19}% 149
\BOOKMARK [2][-]{subsection.19.3}{\376\377\133\217\133\232\116\111}{section.19}% 150
\BOOKMARK [2][-]{subsection.19.4}{\376\377\122\237\200\375}{section.19}% 151
\BOOKMARK [1][-]{section.20}{\376\377\000C\000P\000U}{}% 152
\BOOKMARK [2][-]{subsection.20.1}{\376\377\123\237\164\006}{section.20}% 153
\BOOKMARK [2][-]{subsection.20.2}{\376\377\172\357\123\343\133\232\116\111}{section.20}% 154
\BOOKMARK [2][-]{subsection.20.3}{\376\377\143\245\176\277}{section.20}% 155
\BOOKMARK [2][-]{subsection.20.4}{\376\377\122\237\200\375}{section.20}% 156
\BOOKMARK [1][-]{section.21}{\376\377\213\241\145\366\126\150}{}% 157
\BOOKMARK [2][-]{subsection.21.1}{\376\377\123\237\164\006}{section.21}% 158
\BOOKMARK [2][-]{subsection.21.2}{\376\377\172\357\123\343\133\232\116\111}{section.21}% 159
\BOOKMARK [2][-]{subsection.21.3}{\376\377\133\217\133\232\116\111}{section.21}% 160
\BOOKMARK [2][-]{subsection.21.4}{\376\377\122\237\200\375}{section.21}% 161
\BOOKMARK [2][-]{subsection.21.5}{\376\377\154\350\141\017\116\213\230\171}{section.21}% 162
\BOOKMARK [1][-]{section.22}{\376\377\230\166\134\102\152\041\127\127}{}% 163
\BOOKMARK [2][-]{subsection.22.1}{\376\377\123\237\164\006}{section.22}% 164
\BOOKMARK [2][-]{subsection.22.2}{\376\377\172\357\123\343\133\232\116\111}{section.22}% 165
\BOOKMARK [2][-]{subsection.22.3}{\376\377\143\245\176\277}{section.22}% 166
\BOOKMARK [2][-]{subsection.22.4}{\376\377\122\237\200\375}{section.22}% 167
\BOOKMARK [1][-]{section.23}{\376\377\140\035\200\003\230\230}{}% 168
\BOOKMARK [2][-]{subsection.23.1}{\376\377\153\042\217\316\147\145\122\060\163\204\133\146\230\206\127\337}{section.23}% 169
\BOOKMARK [2][-]{subsection.23.2}{\376\377\154\237\220\032\131\026\220\350\213\276\131\007\116\016\213\241\145\366\126\150}{section.23}% 170
\BOOKMARK [2][-]{subsection.23.3}{\376\377\137\002\136\070\116\016\116\055\145\255}{section.23}% 171
\BOOKMARK [1][-]{section.24}{\376\377\155\113\213\325}{}% 172
\BOOKMARK [1][-]{section.25}{\376\377\142\200\135\347}{}% 173
\BOOKMARK [2][-]{subsection.25.1}{\376\377\141\114\116\206\140\016\116\110\122\236}{section.25}% 174
\BOOKMARK [2][-]{subsection.25.2}{\376\377\131\202\117\125\122\240\145\260\143\007\116\344}{section.25}% 175
\BOOKMARK [2][-]{subsection.25.3}{\376\377\131\202\117\125\147\011\145\110\214\003\213\325}{section.25}% 176
\BOOKMARK [2][-]{subsection.25.4}{\376\377\131\202\117\125\145\071\145\160\143\156\220\032\215\357}{section.25}% 177
\BOOKMARK [2][-]{subsection.25.5}{\376\377\131\202\117\125\153\324\217\203\145\271\117\277\127\060\145\071\213\276\213\241}{section.25}% 178
