ISim log file
Running: /home/a-l-r/co/src/project/pipelined3_tb_isim_beh.exe -intstyle ise -gui -tclbatch isim.cmd -wdb /home/a-l-r/co/src/project/pipelined3_tb_isim_beh.wdb 
ISim P.20131013 (signature 0xfbc00daa)
This is a Full version of ISim.
Time resolution is 1 ps
# onerror resume
# wave add /
# run 1000 ns
Simulator is doing circuit initialization process.
Finished circuit initialization process.
                  45@00003000: $ 1 <= 00000000
                  55@00003004: $ 2 <= 00000000
                  65@00003008: $ 3 <= 00000000
                  75@0000300c: $ 4 <= 00000000
                  85@00003010: $ 5 <= 00000000
                  95@00003014: $ 6 <= 00000000
                 105@00003018: $ 7 <= 00000000
                 115@0000301c: $ 8 <= 00000000
                 125@00003020: $ 9 <= 00000000
                 135@00003024: $10 <= 00000000
                 145@00003028: $11 <= 00000000
                 155@0000302c: $12 <= 00000000
                 165@00003030: $13 <= 00000000
                 175@00003034: $14 <= 00000000
                 185@00003038: $15 <= 00000000
                 195@0000303c: $16 <= 00000000
                 205@00003040: $17 <= 00000000
                 215@00003044: $18 <= 00000000
                 225@00003048: $19 <= 00000000
                 235@0000304c: $20 <= 00000000
                 245@00003050: $21 <= 00000000
                 255@00003054: $22 <= 00000000
                 265@00003058: $23 <= 00000000
                 275@0000305c: $24 <= 00000000
                 285@00003060: $25 <= 00000000
                 295@00003064: $26 <= 00000000
                 305@00003068: $27 <= 00000000
                 315@0000306c: $28 <= 00000000
                 325@00003070: $29 <= 00000000
                 335@00003074: $30 <= 00000000
                 345@00003078: $31 <= 00000000
                 395@0000308c: $29 <= 00000000
                 405@00003090: $29 <= 00002ffc
                 415@00003094: $26 <= 00000000
                 425@00003098: $26 <= 00002000
                 435@0000309c: $27 <= 00000000
                 445@000030a0: $27 <= 00002000
                 455@000030a4: $16 <= 00000000
                 465@000030a8: $16 <= 00007f00
                 475@000030ac: $17 <= 00000000
                 485@000030b0: $17 <= 00007f10
                 495@000030b4: $ 8 <= 00000000
                 505@000030b8: $ 8 <= 0000000a
                 535@000030c4: $ 8 <= 00000000
                 545@000030c8: $ 8 <= 0000fc01
                 565@000030d0: $ 8 <= 00000000
                 575@000030d4: $ 8 <= 00000009
                 595@000030dc: $ 8 <= 00000000
                 605@000030e0: $15 <= 00000000
                 625@000030e8: $ 2 <= 00000000
                 635@000030ec: $ 7 <= 00000000
                 645@000030f0: $11 <= 00000000
                 655@000030f4: $ 6 <= 00000000
                 665@000030f8: $ 2 <= 0000e0a4
                 675@000030fc: $13 <= 00000000
                 695@00003104: $12 <= 00000000
                 745@00004180: *00002000 <= 00000000
                 755@00004184: *00002004 <= 00000000
                 765@00004188: *00002008 <= 0000e0a4
                 775@0000418c: *0000200c <= 00000000
                 785@00004190: *00002010 <= 00000000
                 795@00004194: *00002014 <= 00000000
                 805@00004198: *00002018 <= 00000000
                 815@0000419c: *0000201c <= 00000000
                 825@000041a0: *00002020 <= 00000000
                 835@000041a4: *00002024 <= 00000000
                 845@000041a8: *00002028 <= 00000000
                 855@000041ac: *0000202c <= 00000000
                 865@000041b0: *00002030 <= 00000000
                 875@000041b4: *00002034 <= 00000000
                 885@000041b8: *00002038 <= 00000000
                 895@000041bc: *0000203c <= 00000000
                 905@000041c0: *00002040 <= 00007f00
                 915@000041c4: *00002044 <= 00007f10
                 925@000041c8: *00002048 <= 00000000
                 935@000041cc: *0000204c <= 00000000
                 945@000041d0: *00002050 <= 00000000
                 955@000041d4: *00002054 <= 00000000
                 965@000041d8: *00002058 <= 00000000
                 975@000041dc: *0000205c <= 00000000
                 985@000041e0: *00002060 <= 00000000
                 995@000041e4: *00002064 <= 00000000
# restart
# run 6000ns
Simulator is doing circuit initialization process.
Finished circuit initialization process.
                  45@00003000: $ 1 <= 00000000
                  55@00003004: $ 2 <= 00000000
                  65@00003008: $ 3 <= 00000000
                  75@0000300c: $ 4 <= 00000000
                  85@00003010: $ 5 <= 00000000
                  95@00003014: $ 6 <= 00000000
                 105@00003018: $ 7 <= 00000000
                 115@0000301c: $ 8 <= 00000000
                 125@00003020: $ 9 <= 00000000
                 135@00003024: $10 <= 00000000
                 145@00003028: $11 <= 00000000
                 155@0000302c: $12 <= 00000000
                 165@00003030: $13 <= 00000000
                 175@00003034: $14 <= 00000000
                 185@00003038: $15 <= 00000000
                 195@0000303c: $16 <= 00000000
                 205@00003040: $17 <= 00000000
                 215@00003044: $18 <= 00000000
                 225@00003048: $19 <= 00000000
                 235@0000304c: $20 <= 00000000
                 245@00003050: $21 <= 00000000
                 255@00003054: $22 <= 00000000
                 265@00003058: $23 <= 00000000
                 275@0000305c: $24 <= 00000000
                 285@00003060: $25 <= 00000000
                 295@00003064: $26 <= 00000000
                 305@00003068: $27 <= 00000000
                 315@0000306c: $28 <= 00000000
                 325@00003070: $29 <= 00000000
                 335@00003074: $30 <= 00000000
                 345@00003078: $31 <= 00000000
                 395@0000308c: $29 <= 00000000
                 405@00003090: $29 <= 00002ffc
                 415@00003094: $26 <= 00000000
                 425@00003098: $26 <= 00002000
                 435@0000309c: $27 <= 00000000
                 445@000030a0: $27 <= 00002000
                 455@000030a4: $16 <= 00000000
                 465@000030a8: $16 <= 00007f00
                 475@000030ac: $17 <= 00000000
                 485@000030b0: $17 <= 00007f10
                 495@000030b4: $ 8 <= 00000000
                 505@000030b8: $ 8 <= 0000000a
                 535@000030c4: $ 8 <= 00000000
                 545@000030c8: $ 8 <= 0000fc01
                 565@000030d0: $ 8 <= 00000000
                 575@000030d4: $ 8 <= 00000009
                 595@000030dc: $ 8 <= 00000000
                 605@000030e0: $15 <= 00000000
                 625@000030e8: $ 2 <= 00000000
                 635@000030ec: $ 7 <= 00000000
                 645@000030f0: $11 <= 00000000
                 655@000030f4: $ 6 <= 00000000
                 665@000030f8: $ 2 <= 0000e0a4
                 675@000030fc: $13 <= 00000000
                 695@00003104: $12 <= 00000000
                 745@00004180: *00002000 <= 00000000
                 755@00004184: *00002004 <= 00000000
                 765@00004188: *00002008 <= 0000e0a4
                 775@0000418c: *0000200c <= 00000000
                 785@00004190: *00002010 <= 00000000
                 795@00004194: *00002014 <= 00000000
                 805@00004198: *00002018 <= 00000000
                 815@0000419c: *0000201c <= 00000000
                 825@000041a0: *00002020 <= 00000000
                 835@000041a4: *00002024 <= 00000000
                 845@000041a8: *00002028 <= 00000000
                 855@000041ac: *0000202c <= 00000000
                 865@000041b0: *00002030 <= 00000000
                 875@000041b4: *00002034 <= 00000000
                 885@000041b8: *00002038 <= 00000000
                 895@000041bc: *0000203c <= 00000000
                 905@000041c0: *00002040 <= 00007f00
                 915@000041c4: *00002044 <= 00007f10
                 925@000041c8: *00002048 <= 00000000
                 935@000041cc: *0000204c <= 00000000
                 945@000041d0: *00002050 <= 00000000
                 955@000041d4: *00002054 <= 00000000
                 965@000041d8: *00002058 <= 00000000
                 975@000041dc: *0000205c <= 00000000
                 985@000041e0: *00002060 <= 00000000
                 995@000041e4: *00002064 <= 00000000
                1005@000041e8: *00002070 <= 00000000
                1015@000041ec: *00002074 <= 00002ffc
                1025@000041f0: *00002078 <= 00000000
                1035@000041f4: *0000207c <= 00000000
                1055@000041f8: $ 8 <= 00000000
                1055@000041fc: *00002080 <= 00000000
                1075@00004200: $ 8 <= 00000000
                1075@00004204: *00002084 <= 00000000
                1095@00004208: $16 <= 00000000
                1105@0000420c: $16 <= 00007f00
                1115@00004210: $17 <= 00000000
                1125@00004214: $17 <= 00007f10
                1135@00004218: $18 <= 00000400
                1155@0000421c: $ 8 <= 00000400
                1165@00004220: $ 8 <= 00000100
                1175@00004224: $ 8 <= 00000000
                1215@00004230: $ 8 <= 00000400
                1225@00004234: $ 8 <= 00000001
                1235@00004238: $ 8 <= 00000001
                1245@0000423c: $ 9 <= 00000000
                1285@00004248: $ 9 <= 00000000
                1325@00004254: $ 9 <= 00000001
                1365@0000428c: $ 8 <= 00000008
                1375@00004290: $ 9 <= ffff0000
                1385@00004294: $ 9 <= fffffff6
                1395@00004298: $ 8 <= 00000000
                1455@00004304: $ 8 <= 00000000
                1485@0000430c: $ 8 <= 00000000
                1525@00004318: $ 1 <= 00000000
                1535@0000431c: $ 2 <= 0000e0a4
                1545@00004320: $ 3 <= 00000000
                1555@00004324: $ 4 <= 00000000
                1565@00004328: $ 5 <= 00000000
                1575@0000432c: $ 6 <= 00000000
                1585@00004330: $ 7 <= 00000000
                1595@00004334: $ 8 <= 00000000
                1605@00004338: $ 9 <= 00000000
                1615@0000433c: $10 <= 00000000
                1625@00004340: $11 <= 00000000
                1635@00004344: $12 <= 00000000
                1645@00004348: $13 <= 00000000
                1655@0000434c: $14 <= 00000000
                1665@00004350: $15 <= 00000000
                1675@00004354: $16 <= 00007f00
                1685@00004358: $17 <= 00007f10
                1695@0000435c: $18 <= 00000000
                1705@00004360: $19 <= 00000000
                1715@00004364: $20 <= 00000000
                1725@00004368: $21 <= 00000000
                1735@0000436c: $22 <= 00000000
                1745@00004370: $23 <= 00000000
                1755@00004374: $24 <= 00000000
                1765@00004378: $25 <= 00000000
                1775@0000437c: $28 <= 00000000
                1785@00004380: $29 <= 00002ffc
                1795@00004384: $30 <= 00000000
                1805@00004388: $31 <= 00000000
                1835@0000310c: $ 4 <= 00000000
                1845@00003110: $15 <= 0000e0a4
                1855@00003114: $13 <= 00000000
                1865@00003118: $12 <= 00000000
                1875@0000311c: $11 <= 00000000
                1885@00003120: $ 1 <= 00000000
                1905@00003128: $ 8 <= 00000000
                1915@0000312c: $ 1 <= 00000004
                1925@00003130: $29 <= 00002ff8
                1925@00003134: *00002ff8 <= 00000000
                1955@0000313c: $10 <= 00000012
                1965@00003140: $10 <= 00000001
                2005@0000314c: $ 1 <= 00000004
                2015@00003150: $29 <= 00002ff4
                2015@00003154: *00002ff4 <= 00000000
                2035@00003158: $11 <= 00000000
                2045@0000315c: $ 1 <= 00000001
                2055@00003160: $14 <= 00000000
                2065@00003164: $ 4 <= 00000001
                2075@00003168: $13 <= 00000000
                2115@00003178: $ 4 <= 00000000
                2125@0000317c: $15 <= 00000000
                2255@00003198: $ 9 <= 00002814
                2265@0000319c: $ 1 <= 8d1b0000
                2275@000031a0: $ 8 <= 8d1bbc6a
                2285@000031a4: $ 8 <= 00000000
                2335@000032b8: $ 6 <= 8d1b6670
                2345@000032bc: $ 1 <= 00000000
                2355@000032c0: $ 5 <= 00000000
                2365@000032c4: $10 <= 00000001
                2375@000032c8: $ 6 <= 00000000
                2385@000032cc: $12 <= 00000001
                2385@000032d0: *00000b68 <= 00000001
                2405@000032d4: $11 <= 00000000
                2415@000032d8: $ 9 <= 00000000
                2425@000032dc: $ 2 <= 00000000
                2435@000032e0: $15 <= 2fa50000
                2445@000032e4: $13 <= ffffe1c7
                2455@000032e8: $15 <= 00000000
                2465@000032ec: $ 8 <= 00000000
                2475@000032f0: $ 3 <= 00000001
                2485@000032f4: $ 5 <= 00000001
                2495@000032f8: $11 <= 00000000
                2505@000032fc: $15 <= 00000001
                2525@00003304: $15 <= 00000000
                2535@00003308: $ 7 <= 00000000
                2545@0000330c: $11 <= 00000000
                2555@00003310: $ 4 <= 00000000
                2565@00003314: $ 6 <= 00000000
                2585@00003318: $ 6 <= 00000000
                2595@0000331c: $11 <= 00000000
                2605@00003320: $13 <= 00000001
                2605@00003324: *00000f90 <= 00000001
                2635@0000332c: $ 2 <= 00000000
                2655@00003334: $ 8 <= 00000000
                2665@00003338: $10 <= 00000000
                2675@0000333c: $11 <= 00000000
                2675@00003340: *00000e38 <= 00000000
                2695@00003344: $15 <= 000072b6
                2715@0000334c: $13 <= 00000000
                2735@00003350: $ 4 <= 00000000
                2755@00003358: $ 9 <= 00000001
                2765@00003360: *0000023c <= 00000000
                2785@00003364: $ 4 <= 0000f2fe
                2795@00003368: $15 <= 00000000
                2805@0000336c: $10 <= 00000000
                2875@00003374: $ 7 <= 00000001
                2885@00003378: $14 <= 00800000
                2895@0000337c: $ 5 <= 00000000
                2905@00003380: $10 <= 00000000
                2905@00003384: *000000c4 <= 00000000
                2925@00003388: $12 <= 00008cad
                2935@0000338c: $ 7 <= 00000000
                2945@00003394: *00000810 <= 00000000
                2965@00003398: $ 8 <= 00000001
                2975@0000339c: $11 <= 00000000
                2985@000033a0: $15 <= 00000001
                2995@000033a4: $14 <= 00000001
                3005@000033a8: $ 2 <= 00000000
                3015@000033ac: $14 <= 00000000
                3025@000033b0: $ 7 <= 00000000
                3065@000033b4: $ 7 <= 00000000
                3075@000033b8: $11 <= 00000008
                3085@000033c0: *00000d18 <= 00000000
                3115@000033c8: $29 <= 00002ff8
                3125@000033cc: $10 <= 00000001
                3165@0000313c: $10 <= 00000012
                3175@00003140: $10 <= 00000001
                3215@0000314c: $ 1 <= 00000004
                3225@00003150: $29 <= 00002ff4
                3225@00003154: *00002ff4 <= 00000000
                3245@00003158: $11 <= 00000000
                3255@0000315c: $ 1 <= 00008cad
                3265@00003160: $14 <= 00000000
                3275@00003164: $ 4 <= 00000001
                3285@00003168: $13 <= 00000000
                3325@00003178: $ 4 <= 00000000
                3335@0000317c: $15 <= 00000000
                3465@00003198: $ 9 <= 00002814
                3475@0000319c: $ 1 <= 8d1b0000
                3485@000031a0: $ 8 <= 8d1bbc6a
                3495@000031a4: $ 8 <= 00000000
                3545@000032b8: $ 6 <= 8d1b6670
                3555@000032bc: $ 1 <= 00008cad
                3565@000032c0: $ 5 <= 00000000
                3575@000032c4: $10 <= 00000001
                3585@000032c8: $ 6 <= 00000000
                3595@000032cc: $12 <= 00000001
                3595@000032d0: *00000b68 <= 00000001
                3615@000032d4: $11 <= 00000000
                3625@000032d8: $ 9 <= 00000000
                3635@000032dc: $ 2 <= 00008cad
                3645@000032e0: $15 <= 2fa50000
                3655@000032e4: $13 <= ffffe1c7
                3665@000032e8: $15 <= 00008cad
                3675@000032ec: $ 8 <= 00000000
                3685@000032f0: $ 3 <= 00000001
                3695@000032f4: $ 5 <= 00000001
                3705@000032f8: $11 <= 00000000
                3715@000032fc: $15 <= 00000001
                3735@00003304: $15 <= 00000000
                3745@00003308: $ 7 <= 00000000
                3755@0000330c: $11 <= 00000000
                3765@00003310: $ 4 <= 00000000
                3775@00003314: $ 6 <= 00000000
                3795@00003318: $ 6 <= 00000000
                3805@0000331c: $11 <= 00000000
                3815@00003320: $13 <= 00000001
                3815@00003324: *00000f90 <= 00000001
                3845@0000332c: $ 2 <= 00000004
                3865@00003334: $ 8 <= 00000004
                3875@00003338: $10 <= 00000000
                3885@0000333c: $11 <= 00008cad
                3885@00003340: *00000e38 <= 00000000
                3905@00003344: $15 <= 000072b6
                3925@0000334c: $13 <= 00000000
                3945@00003350: $ 4 <= 00000000
                3965@00003358: $ 9 <= 00000001
                3975@00003360: *0000023c <= 00000000
                3995@00003364: $ 4 <= 0000f2fe
                4005@00003368: $15 <= 00000000
                4015@0000336c: $10 <= 00000000
                4085@00003374: $ 7 <= 00000000
                4095@00003378: $14 <= 00800000
                4105@0000337c: $ 5 <= 00000000
                4115@00003380: $10 <= 00000004
                4115@00003384: *000000c4 <= 00000000
                4135@00003388: $12 <= 00008cad
                4145@0000338c: $ 7 <= 00000000
                4155@00003394: *00000810 <= 00000000
                4175@00003398: $ 8 <= 00000001
                4185@0000339c: $11 <= 00000000
                4195@000033a0: $15 <= 00000001
                4205@000033a4: $14 <= 00000001
                4215@000033a8: $ 2 <= 00000000
                4225@000033ac: $14 <= 00000004
                4235@000033b0: $ 7 <= 00000000
                4275@000033b4: $ 7 <= 00000000
                4285@000033b8: $11 <= 00000008
                4295@000033c0: *00000d18 <= 00008cad
                4325@000033c8: $29 <= 00002ff8
                4335@000033cc: $10 <= 00000001
                4375@0000313c: $10 <= 00000012
                4385@00003140: $10 <= 00000001
                4425@0000314c: $ 1 <= 00000004
                4435@00003150: $29 <= 00002ff4
                4435@00003154: *00002ff4 <= 00000000
                4455@00003158: $11 <= 00000000
                4465@0000315c: $ 1 <= 00008cad
                4475@00003160: $14 <= 00000000
                4485@00003164: $ 4 <= 00000001
                4495@00003168: $13 <= 00000000
                4535@00003178: $ 4 <= 00000000
                4545@0000317c: $15 <= 00000000
                4675@00003198: $ 9 <= 00002814
                4685@0000319c: $ 1 <= 8d1b0000
                4695@000031a0: $ 8 <= 8d1bbc6a
                4705@000031a4: $ 8 <= 00000000
                4755@000032b8: $ 6 <= 8d1b6670
                4765@000032bc: $ 1 <= 00008cad
                4775@000032c0: $ 5 <= 00000000
                4785@000032c4: $10 <= 00000001
                4795@000032c8: $ 6 <= 00000000
                4805@000032cc: $12 <= 00000001
                4805@000032d0: *00000b68 <= 00000001
                4825@000032d4: $11 <= 00000000
                4835@000032d8: $ 9 <= 00000000
                4845@000032dc: $ 2 <= 00008cad
                4855@000032e0: $15 <= 2fa50000
                4865@000032e4: $13 <= ffffe1c7
                4875@000032e8: $15 <= 00008cad
                4885@000032ec: $ 8 <= 00000000
                4895@000032f0: $ 3 <= 00000001
                4905@000032f4: $ 5 <= 00000001
                4915@000032f8: $11 <= 00000000
                4925@000032fc: $15 <= 00000001
                4945@00003304: $15 <= 00000000
                4955@00003308: $ 7 <= 00000000
                4965@0000330c: $11 <= 00000000
                4975@00003310: $ 4 <= 00000000
                4985@00003314: $ 6 <= 00000000
                5005@00003318: $ 6 <= 00000000
                5015@0000331c: $11 <= 00000000
                5025@00003320: $13 <= 00000001
                5025@00003324: *00000f90 <= 00000001
                5055@0000332c: $ 2 <= 00000004
                5075@00003334: $ 8 <= 00000004
                5085@00003338: $10 <= 00000000
                5095@0000333c: $11 <= 00008cad
                5095@00003340: *00000e38 <= 00000000
                5115@00003344: $15 <= 000072b6
                5135@0000334c: $13 <= 00000000
                5155@00003350: $ 4 <= 00000000
                5175@00003358: $ 9 <= 00000001
                5185@00003360: *0000023c <= 00000000
                5205@00003364: $ 4 <= 0000f2fe
                5215@00003368: $15 <= 00000000
                5225@0000336c: $10 <= 00000000
                5295@00003374: $ 7 <= 00000000
                5305@00003378: $14 <= 00800000
                5315@0000337c: $ 5 <= 00000000
                5325@00003380: $10 <= 00000004
                5325@00003384: *000000c4 <= 00000000
                5345@00003388: $12 <= 00008cad
                5355@0000338c: $ 7 <= 00000000
                5365@00003394: *00000810 <= 00000000
                5385@00003398: $ 8 <= 00000001
                5395@0000339c: $11 <= 00000000
                5405@000033a0: $15 <= 00000001
                5415@000033a4: $14 <= 00000001
                5425@000033a8: $ 2 <= 00000000
                5435@000033ac: $14 <= 00000004
                5445@000033b0: $ 7 <= 00000000
                5485@000033b4: $ 7 <= 00000000
                5495@000033b8: $11 <= 00000008
                5505@000033c0: *00000d18 <= 00008cad
                5535@000033c8: $29 <= 00002ff8
                5545@000033cc: $10 <= 00000001
                5585@0000313c: $10 <= 00000012
                5595@00003140: $10 <= 00000001
                5635@0000314c: $ 1 <= 00000004
                5645@00003150: $29 <= 00002ff4
                5645@00003154: *00002ff4 <= 00000000
                5665@00003158: $11 <= 00000000
                5675@0000315c: $ 1 <= 00008cad
                5685@00003160: $14 <= 00000000
                5695@00003164: $ 4 <= 00000001
                5705@00003168: $13 <= 00000000
                5745@00003178: $ 4 <= 00000000
                5755@0000317c: $15 <= 00000000
                5885@00003198: $ 9 <= 00002814
                5895@0000319c: $ 1 <= 8d1b0000
                5905@000031a0: $ 8 <= 8d1bbc6a
                5915@000031a4: $ 8 <= 00000000
                5965@000032b8: $ 6 <= 8d1b6670
                5975@000032bc: $ 1 <= 00008cad
                5985@000032c0: $ 5 <= 00000000
                5995@000032c4: $10 <= 00000001
# exit 0
