Command line:
   pipelined3_tb_isim_beh.exe
     -intstyle  ise
     -wdb  project/pipelined3_tb_isim_beh.wdb
     -simmode  tcl
     -simrunnum  0
     -socket  58121

Fri Dec  6 12:04:45 2019


 Elaboration Time: 0.02 sec

 Current Memory Usage: 166.416 Meg

 Total Signals          : 622
 Total Nets             : 2660
 Total Signal Drivers   : 280
 Total Blocks           : 55
 Total Primitive Blocks : 50
 Total Processes        : 357
 Total Traceable Variables  : 113
 Total Scalar Nets and Variables : 202507

 Total Simulation Time: 0.47 sec

 Current Memory Usage: 243.802 Meg

Fri Dec  6 12:04:46 2019

