\BOOKMARK [1][-]{section.1}{\376\377\000N\000P\000C}{}% 1
\BOOKMARK [2][-]{subsection.1.1}{\376\377\123\237\164\006}{section.1}% 2
\BOOKMARK [2][-]{subsection.1.2}{\376\377\172\357\123\343\133\232\116\111}{section.1}% 3
\BOOKMARK [2][-]{subsection.1.3}{\376\377\133\217\133\232\116\111}{section.1}% 4
\BOOKMARK [2][-]{subsection.1.4}{\376\377\122\237\200\375}{section.1}% 5
\BOOKMARK [2][-]{subsection.1.5}{\376\377\154\350\141\017\116\213\230\171}{section.1}% 6
\BOOKMARK [1][-]{section.2}{\376\377\000P\000C}{}% 7
\BOOKMARK [2][-]{subsection.2.1}{\376\377\123\237\164\006}{section.2}% 8
\BOOKMARK [2][-]{subsection.2.2}{\376\377\172\357\123\343\133\232\116\111}{section.2}% 9
\BOOKMARK [2][-]{subsection.2.3}{\376\377\122\237\200\375}{section.2}% 10
\BOOKMARK [1][-]{section.3}{\376\377\172\013\136\217\133\130\120\250\126\150}{}% 11
\BOOKMARK [2][-]{subsection.3.1}{\376\377\123\237\164\006}{section.3}% 12
\BOOKMARK [2][-]{subsection.3.2}{\376\377\172\357\123\343\133\232\116\111}{section.3}% 13
\BOOKMARK [2][-]{subsection.3.3}{\376\377\122\237\200\375}{section.3}% 14
\BOOKMARK [1][-]{section.4}{\376\377\133\304\133\130\126\150\130\006}{}% 15
\BOOKMARK [2][-]{subsection.4.1}{\376\377\123\237\164\006}{section.4}% 16
\BOOKMARK [2][-]{subsection.4.2}{\376\377\172\357\123\343\133\232\116\111}{section.4}% 17
\BOOKMARK [2][-]{subsection.4.3}{\376\377\122\237\200\375}{section.4}% 18
\BOOKMARK [1][-]{section.5}{\376\377\142\151\134\125\126\150}{}% 19
\BOOKMARK [2][-]{subsection.5.1}{\376\377\122\237\200\375}{section.5}% 20
\BOOKMARK [2][-]{subsection.5.2}{\376\377\172\357\123\343\133\232\116\111}{section.5}% 21
\BOOKMARK [2][-]{subsection.5.3}{\376\377\133\217\133\232\116\111}{section.5}% 22
\BOOKMARK [2][-]{subsection.5.4}{\376\377\122\237\200\375}{section.5}% 23
\BOOKMARK [1][-]{section.6}{\376\377\000A\000L\000U}{}% 24
\BOOKMARK [2][-]{subsection.6.1}{\376\377\123\237\164\006}{section.6}% 25
\BOOKMARK [2][-]{subsection.6.2}{\376\377\172\357\123\343\133\232\116\111}{section.6}% 26
\BOOKMARK [2][-]{subsection.6.3}{\376\377\133\217\133\232\116\111}{section.6}% 27
\BOOKMARK [2][-]{subsection.6.4}{\376\377\122\237\200\375}{section.6}% 28
\BOOKMARK [1][-]{section.7}{\376\377\145\160\143\156\133\130\120\250\126\150}{}% 29
\BOOKMARK [2][-]{subsection.7.1}{\376\377\123\237\164\006}{section.7}% 30
\BOOKMARK [2][-]{subsection.7.2}{\376\377\172\357\123\343\133\232\116\111}{section.7}% 31
\BOOKMARK [2][-]{subsection.7.3}{\376\377\122\237\200\375}{section.7}% 32
\BOOKMARK [2][-]{subsection.7.4}{\376\377\154\350\141\017\116\213\230\171}{section.7}% 33
\BOOKMARK [1][-]{section.8}{\376\377\123\125\124\150\147\037\145\160\143\156\220\032\215\357}{}% 34
\BOOKMARK [2][-]{subsection.8.1}{\376\377\122\237\200\375}{section.8}% 35
\BOOKMARK [2][-]{subsection.8.2}{\376\377\122\006\147\220}{section.8}% 36
\BOOKMARK [1][-]{section.9}{\376\377\143\247\122\066\123\125\121\103}{}% 37
\BOOKMARK [2][-]{subsection.9.1}{\376\377\122\237\200\375}{section.9}% 38
\BOOKMARK [2][-]{subsection.9.2}{\376\377\122\006\147\220}{section.9}% 39
\BOOKMARK [2][-]{subsection.9.3}{\376\377\133\217\133\232\116\111}{section.9}% 40
\BOOKMARK [2][-]{subsection.9.4}{\376\377\172\357\123\343\133\232\116\111}{section.9}% 41
\BOOKMARK [2][-]{subsection.9.5}{\376\377\122\237\200\375}{section.9}% 42
\BOOKMARK [2][-]{subsection.9.6}{\376\377\167\037\120\074\210\150}{section.9}% 43
\BOOKMARK [1][-]{section.10}{\376\377\000C\000P\000U}{}% 44
\BOOKMARK [2][-]{subsection.10.1}{\376\377\123\237\164\006}{section.10}% 45
\BOOKMARK [2][-]{subsection.10.2}{\376\377\172\357\123\343\133\232\116\111}{section.10}% 46
\BOOKMARK [2][-]{subsection.10.3}{\376\377\143\245\176\277}{section.10}% 47
\BOOKMARK [2][-]{subsection.10.4}{\376\377\122\237\200\375}{section.10}% 48
\BOOKMARK [1][-]{section.11}{\376\377\155\113\213\325\172\013\136\217}{}% 49
\BOOKMARK [1][-]{section.12}{\376\377\140\035\200\003\230\230}{}% 50
\BOOKMARK [2][-]{subsection.12.1}{\376\377\152\041\127\127\211\304\150\074}{section.12}% 51
\BOOKMARK [2][-]{subsection.12.2}{\376\377\143\247\122\066\126\150\213\276\213\241}{section.12}% 52
\BOOKMARK [2][-]{subsection.12.3}{\376\377\155\113\213\325\000\040\000C\000P\000U}{section.12}% 53
\BOOKMARK [1][-]{section.13}{\376\377\142\200\135\347}{}% 54
\BOOKMARK [2][-]{subsection.13.1}{\376\377\141\114\116\206\140\016\116\110\122\236}{section.13}% 55
\BOOKMARK [2][-]{subsection.13.2}{\376\377\131\202\117\125\122\240\145\260\143\007\116\344}{section.13}% 56
\BOOKMARK [2][-]{subsection.13.3}{\376\377\131\202\117\125\147\011\145\110\214\003\213\325}{section.13}% 57
\BOOKMARK [2][-]{subsection.13.4}{\376\377\131\202\117\125\145\071\145\160\143\156\220\032\215\357}{section.13}% 58
\BOOKMARK [2][-]{subsection.13.5}{\376\377\131\202\117\125\153\324\217\203\145\271\117\277\127\060\145\071\213\276\213\241}{section.13}% 59
