#-----------------------------------------------------------
# PlanAhead v14.7 (64-bit)
# Build 321239 by xbuild on Fri Sep 27 19:24:36 MDT 2013
# Start of session at: Fri Dec 13 17:21:52 2019
# Process ID: 5816
# Log file: /home/a-l-r/co/src/project/planAhead_run_1/planAhead.log
# Journal file: /home/a-l-r/co/src/project/planAhead_run_1/planAhead.jou
#-----------------------------------------------------------
INFO: [Common 17-78] Attempting to get a license: PlanAhead
INFO: [Common 17-290] Got license for PlanAhead
INFO: [Device 21-36] Loading parts and site information from /opt/Xilinx/14.7/ISE_DS/PlanAhead/data/parts/arch.xml
Parsing RTL primitives file [/opt/Xilinx/14.7/ISE_DS/PlanAhead/data/parts/xilinx/rtl/prims/rtl_prims.xml]
Finished parsing RTL primitives file [/opt/Xilinx/14.7/ISE_DS/PlanAhead/data/parts/xilinx/rtl/prims/rtl_prims.xml]
start_gui
source /home/a-l-r/co/src/project/pa.fromHdl.tcl
# create_project -name cpu -dir "/home/a-l-r/co/src/project/planAhead_run_1" -part xc6slx100fgg676-2
# set_param project.pinAheadLayout yes
# set srcset [get_property srcset [current_run -impl]]
# set_property verify_dir { {/home/a-l-r/co/src/src/include} } $srcset
ERROR: [Common 17-142] Invalid property name 'verify_dir'.  Please use the 'list_property' command to find properties supported by the target 'fileset' object.

    while executing
"set_property verify_dir { {/home/a-l-r/co/src/src/include} } $srcset"
    (file "/home/a-l-r/co/src/project/pa.fromHdl.tcl" line 7)
exit
ERROR: [#UNDEF] *** Exception: ui.h.b: Found deleted key in HTclEventBroker. Verify if the classes listed here call cleanup()
HTclEvent: SIGNAL_MODIFY   Classes: ui.views.aR 
HTclEvent: SIGNAL_BUS_MODIFY   Classes: ui.views.aR 
HTclEvent: DEBUG_CORE_CONFIG_CHANGE   Classes: ui.views.aR 
HTclEvent: DEBUG_PORT_CONFIG_CHANGE   Classes: ui.views.aR 
 (See /home/a-l-r/co/src/project/planAhead_pid5816.debug)
ERROR: [Common 17-39] 'stop_gui' failed due to earlier errors.
INFO: [Common 17-206] Exiting PlanAhead at Fri Dec 13 17:22:34 2019...
INFO: [Common 17-83] Releasing license: PlanAhead
