
****** PlanAhead v14.7 (64-bit)
  **** Build 321239 by xbuild on Fri Sep 27 19:24:36 MDT 2013
    ** Copyright 1986-1999, 2001-2013 Xilinx, Inc. All Rights Reserved.

INFO: [Common 17-78] Attempting to get a license: PlanAhead
INFO: [Common 17-290] Got license for PlanAhead
INFO: [Device 21-36] Loading parts and site information from /opt/Xilinx/14.7/ISE_DS/PlanAhead/data/parts/arch.xml
Parsing RTL primitives file [/opt/Xilinx/14.7/ISE_DS/PlanAhead/data/parts/xilinx/rtl/prims/rtl_prims.xml]
Finished parsing RTL primitives file [/opt/Xilinx/14.7/ISE_DS/PlanAhead/data/parts/xilinx/rtl/prims/rtl_prims.xml]
start_gui
source /home/a-l-r/co/src/project/pa.fromHdl.tcl
# create_project -name cpu -dir "/home/a-l-r/co/src/project/planAhead_run_1" -part xc6slx100fgg676-2
# set_param project.pinAheadLayout yes
# set srcset [get_property srcset [current_run -impl]]
# set_property verify_dir { {/home/a-l-r/co/src/src/include} } $srcset

    while executing
"set_property verify_dir { {/home/a-l-r/co/src/src/include} } $srcset"
    (file "/home/a-l-r/co/src/project/pa.fromHdl.tcl" line 7)
exit
ERROR: [Common 17-39] 'stop_gui' failed due to earlier errors.
INFO: [Common 17-206] Exiting PlanAhead at Fri Dec 13 17:22:34 2019...
INFO: [Common 17-83] Releasing license: PlanAhead
