Command line:
   single_cycle_tb_isim_beh.exe
     -intstyle  ise
     -wdb  project/single_cycle_tb_isim_beh.wdb
     -simmode  tcl
     -simrunnum  0
     -socket  33175

Fri Nov  8 22:00:15 2019


 Elaboration Time: 0.02 sec

 Current Memory Usage: 162.23 Meg

 Total Signals          : 113
 Total Nets             : 613
 Total Signal Drivers   : 40
 Total Blocks           : 13
 Total Primitive Blocks : 11
 Total Processes        : 53
 Total Traceable Variables  : 29
 Total Scalar Nets and Variables : 67415

 Total Simulation Time: 0.03 sec

 Current Memory Usage: 239.415 Meg

Fri Nov  8 22:00:16 2019

